SF:/home/raph2ll/projects/plataforma-tcc/client/src/Controllers/ClientController.cs
FN:39,Microsoft.AspNetCore.Mvc.IActionResult api.Controllers.ClientController::CreateClient(client.Models.DTOs.ClientCreateDTO)
FNDA:0,Microsoft.AspNetCore.Mvc.IActionResult api.Controllers.ClientController::CreateClient(client.Models.DTOs.ClientCreateDTO)
DA:40,0
DA:42,0
DA:43,0
DA:44,0
DA:46,0
DA:47,0
DA:48,0
DA:50,0
DA:51,0
DA:52,0
DA:55,0
FN:68,Microsoft.AspNetCore.Mvc.ActionResult`1<System.Collections.Generic.List`1<client.Models.Client>> api.Controllers.ClientController::GetClients()
FNDA:0,Microsoft.AspNetCore.Mvc.ActionResult`1<System.Collections.Generic.List`1<client.Models.Client>> api.Controllers.ClientController::GetClients()
DA:69,0
DA:71,0
DA:72,0
DA:73,0
DA:75,0
DA:76,0
DA:77,0
DA:79,0
FN:95,Microsoft.AspNetCore.Mvc.ActionResult api.Controllers.ClientController::UpdateClient(System.String,client.Models.DTOs.ClientUpdateDTO)
FNDA:0,Microsoft.AspNetCore.Mvc.ActionResult api.Controllers.ClientController::UpdateClient(System.String,client.Models.DTOs.ClientUpdateDTO)
DA:96,0
DA:98,0
DA:99,0
DA:101,0
DA:103,0
DA:104,0
DA:105,0
DA:107,0
DA:108,0
DA:109,0
DA:111,0
BRDA:105,36,0,0
BRDA:105,36,1,0
FN:127,Microsoft.AspNetCore.Mvc.ActionResult api.Controllers.ClientController::DeleteClient(System.String)
FNDA:0,Microsoft.AspNetCore.Mvc.ActionResult api.Controllers.ClientController::DeleteClient(System.String)
DA:128,0
DA:130,0
DA:131,0
DA:133,0
DA:135,0
DA:136,0
DA:137,0
DA:139,0
DA:140,0
DA:141,0
DA:143,0
FN:19,System.Void api.Controllers.ClientController::.ctor(client.Services.Interfaces.IClientService)
FNDA:0,System.Void api.Controllers.ClientController::.ctor(client.Services.Interfaces.IClientService)
DA:20,0
DA:21,0
DA:22,0
DA:23,0
LF:45
LH:0
BRF:2
BRH:0
FNF:5
FNH:0
end_of_record
SF:/home/raph2ll/projects/plataforma-tcc/client/Program.cs
FN:15,System.Void client.Program::Main(System.String[])
FNDA:0,System.Void client.Program::Main(System.String[])
DA:16,0
DA:17,0
DA:19,0
DA:20,0
DA:21,0
DA:23,0
DA:25,0
DA:26,0
DA:27,0
DA:28,0
DA:30,0
DA:31,0
DA:33,0
DA:35,0
DA:36,0
DA:37,0
DA:38,0
DA:39,0
DA:40,0
DA:41,0
DA:42,0
DA:43,0
DA:44,0
DA:45,0
DA:46,0
DA:47,0
DA:48,0
DA:49,0
DA:50,0
DA:51,0
DA:53,0
DA:55,0
DA:56,0
DA:57,0
DA:58,0
DA:59,0
DA:60,0
DA:62,0
DA:63,0
DA:64,0
DA:65,0
DA:67,0
DA:69,0
DA:71,0
DA:72,0
DA:73,0
DA:74,0
DA:75,0
DA:76,0
DA:77,0
DA:78,0
DA:80,0
DA:81,0
DA:83,0
DA:85,0
DA:86,0
DA:87,0
BRDA:71,314,0,0
BRDA:71,314,1,0
LF:57
LH:0
BRF:2
BRH:0
FNF:1
FNH:0
end_of_record
SF:/home/raph2ll/projects/plataforma-tcc/client/src/Utils/LoggerContext.cs
FN:29,System.Void client.Utils.LoggerContext::Dispose()
FNDA:0,System.Void client.Utils.LoggerContext::Dispose()
DA:30,0
DA:31,0
DA:34,0
DA:35,0
DA:36,0
DA:37,0
DA:38,0
DA:39,0
DA:40,0
DA:41,0
BRDA:35,21,0,0
BRDA:35,21,1,0
BRDA:39,131,0,0
BRDA:39,131,1,0
FN:9,System.Void client.Utils.LoggerContext::.ctor(System.String,Serilog.ILogger)
FNDA:0,System.Void client.Utils.LoggerContext::.ctor(System.String,Serilog.ILogger)
DA:10,0
DA:13,0
DA:14,0
DA:15,0
DA:16,0
DA:17,0
DA:20,0
DA:21,0
DA:22,0
DA:23,0
DA:24,0
DA:25,0
DA:26,0
DA:27,0
BRDA:21,53,0,0
BRDA:21,53,1,0
BRDA:25,92,0,0
BRDA:25,92,1,0
FN:53,client.Utils.LoggerContext client.Utils.ContextFactory::Create(System.String)
FNDA:0,client.Utils.LoggerContext client.Utils.ContextFactory::Create(System.String)
DA:54,0
DA:55,0
DA:56,0
FN:47,System.Void client.Utils.ContextFactory::.ctor(Serilog.ILogger)
FNDA:0,System.Void client.Utils.ContextFactory::.ctor(Serilog.ILogger)
DA:48,0
DA:49,0
DA:50,0
DA:51,0
LF:31
LH:0
BRF:8
BRH:0
FNF:4
FNH:0
end_of_record
SF:/home/raph2ll/projects/plataforma-tcc/client/src/Services/ClientService.cs
FN:29,System.Void client.Services.ClientService::CreateClient(client.Models.DTOs.ClientCreateDTO)
FNDA:0,System.Void client.Services.ClientService::CreateClient(client.Models.DTOs.ClientCreateDTO)
DA:30,0
DA:31,0
DA:33,0
DA:34,0
DA:35,0
DA:36,0
DA:37,0
DA:38,0
DA:39,0
DA:40,0
DA:41,0
DA:42,0
DA:44,0
DA:45,0
DA:46,0
FN:48,System.Collections.Generic.List`1<client.Models.Client> client.Services.ClientService::GetClients()
FNDA:0,System.Collections.Generic.List`1<client.Models.Client> client.Services.ClientService::GetClients()
DA:49,0
DA:50,0
DA:52,0
DA:53,0
DA:54,0
DA:56,0
FN:58,client.Models.Client client.Services.ClientService::GetClientById(System.String)
FNDA:0,client.Models.Client client.Services.ClientService::GetClientById(System.String)
DA:59,0
DA:60,0
DA:62,0
DA:63,0
DA:64,0
DA:66,0
FN:68,System.Void client.Services.ClientService::UpdateClient(System.String,client.Models.DTOs.ClientUpdateDTO)
FNDA:0,System.Void client.Services.ClientService::UpdateClient(System.String,client.Models.DTOs.ClientUpdateDTO)
DA:69,0
DA:70,0
DA:72,0
DA:73,0
DA:74,0
DA:76,0
DA:77,0
DA:78,0
DA:81,0
DA:82,0
DA:83,0
DA:84,0
DA:85,0
DA:87,0
DA:88,0
DA:89,0
DA:90,0
DA:91,0
DA:93,0
DA:94,0
DA:95,0
DA:96,0
DA:97,0
DA:99,0
DA:100,0
DA:101,0
DA:102,0
DA:103,0
DA:105,0
DA:106,0
DA:107,0
DA:108,0
DA:109,0
DA:110,0
DA:111,0
DA:112,0
DA:114,0
DA:115,0
DA:116,0
BRDA:76,58,0,0
BRDA:76,58,1,0
BRDA:82,99,0,0
BRDA:82,99,1,0
BRDA:88,138,0,0
BRDA:88,138,1,0
BRDA:94,178,0,0
BRDA:94,178,1,0
BRDA:100,223,0,0
BRDA:100,223,1,0
FN:118,System.Void client.Services.ClientService::DeleteClient(System.String)
FNDA:0,System.Void client.Services.ClientService::DeleteClient(System.String)
DA:119,0
DA:120,0
DA:122,0
DA:123,0
DA:124,0
DA:125,0
DA:126,0
DA:129,0
DA:130,0
DA:131,0
BRDA:124,54,0,0
BRDA:124,54,1,0
FN:19,System.Void client.Services.ClientService::.ctor(client.Db.Repositories.Interfaces.IClientRepository)
FNDA:0,System.Void client.Services.ClientService::.ctor(client.Db.Repositories.Interfaces.IClientRepository)
DA:20,0
DA:22,0
DA:23,0
DA:24,0
DA:25,0
DA:26,0
DA:27,0
LF:83
LH:0
BRF:12
BRH:0
FNF:6
FNH:0
end_of_record
SF:/home/raph2ll/projects/plataforma-tcc/client/src/Models/Client.cs
FN:9,System.String client.Models.Client::get_Id()
FNDA:0,System.String client.Models.Client::get_Id()
DA:10,0
FN:10,System.String client.Models.Client::get_Name()
FNDA:0,System.String client.Models.Client::get_Name()
DA:11,0
FN:11,System.String client.Models.Client::get_Surname()
FNDA:0,System.String client.Models.Client::get_Surname()
DA:12,0
FN:12,System.String client.Models.Client::get_Email()
FNDA:0,System.String client.Models.Client::get_Email()
DA:13,0
FN:13,System.DateTime client.Models.Client::get_BirthDate()
FNDA:0,System.DateTime client.Models.Client::get_BirthDate()
DA:14,0
FN:14,System.DateTime client.Models.Client::get_CreatedAt()
FNDA:0,System.DateTime client.Models.Client::get_CreatedAt()
DA:15,0
FN:15,System.DateTime client.Models.Client::get_UpdatedAt()
FNDA:0,System.DateTime client.Models.Client::get_UpdatedAt()
DA:16,0
FN:16,System.Boolean client.Models.Client::get_Deleted()
FNDA:0,System.Boolean client.Models.Client::get_Deleted()
DA:17,0
LF:8
LH:0
BRF:0
BRH:0
FNF:8
FNH:0
end_of_record
SF:/home/raph2ll/projects/plataforma-tcc/client/src/Models/DTOs/ClientCreateDTO.cs
FN:11,System.String client.Models.DTOs.ClientCreateDTO::get_Name()
FNDA:0,System.String client.Models.DTOs.ClientCreateDTO::get_Name()
DA:12,0
FN:15,System.String client.Models.DTOs.ClientCreateDTO::get_Surname()
FNDA:0,System.String client.Models.DTOs.ClientCreateDTO::get_Surname()
DA:16,0
FN:18,System.String client.Models.DTOs.ClientCreateDTO::get_Email()
FNDA:0,System.String client.Models.DTOs.ClientCreateDTO::get_Email()
DA:19,0
FN:21,System.DateTime client.Models.DTOs.ClientCreateDTO::get_BirthDate()
FNDA:0,System.DateTime client.Models.DTOs.ClientCreateDTO::get_BirthDate()
DA:22,0
LF:4
LH:0
BRF:0
BRH:0
FNF:4
FNH:0
end_of_record
SF:/home/raph2ll/projects/plataforma-tcc/client/src/Models/DTOs/ClientUpdateDTO.cs
FN:9,System.String client.Models.DTOs.ClientUpdateDTO::get_Name()
FNDA:0,System.String client.Models.DTOs.ClientUpdateDTO::get_Name()
DA:10,0
FN:10,System.String client.Models.DTOs.ClientUpdateDTO::get_Surname()
FNDA:0,System.String client.Models.DTOs.ClientUpdateDTO::get_Surname()
DA:11,0
FN:11,System.String client.Models.DTOs.ClientUpdateDTO::get_Email()
FNDA:0,System.String client.Models.DTOs.ClientUpdateDTO::get_Email()
DA:12,0
FN:12,System.DateTime client.Models.DTOs.ClientUpdateDTO::get_BirthDate()
FNDA:0,System.DateTime client.Models.DTOs.ClientUpdateDTO::get_BirthDate()
DA:13,0
LF:4
LH:0
BRF:0
BRH:0
FNF:4
FNH:0
end_of_record
SF:/home/raph2ll/projects/plataforma-tcc/client/src/Models/DataAnnotations/CustomerDateOfBirthValidation.cs
FN:9,System.ComponentModel.DataAnnotations.ValidationResult client.Models.DataAnnotations.CustomerDateOfBirthValidation::IsValid(System.Object,System.ComponentModel.DataAnnotations.ValidationContext)
FNDA:0,System.ComponentModel.DataAnnotations.ValidationResult client.Models.DataAnnotations.CustomerDateOfBirthValidation::IsValid(System.Object,System.ComponentModel.DataAnnotations.ValidationContext)
DA:10,0
DA:11,0
DA:13,0
DA:14,0
DA:15,0
DA:18,0
DA:19,0
BRDA:13,9,0,0
BRDA:13,17,0,0
BRDA:13,9,1,0
BRDA:13,17,1,0
BRDA:13,40,0,0
BRDA:13,40,1,0
LF:7
LH:0
BRF:6
BRH:0
FNF:1
FNH:0
end_of_record
SF:/home/raph2ll/projects/plataforma-tcc/client/src/Exceptions/NotFoundException.cs
FN:9,System.Void client.Exceptions.NotFoundException::.ctor()
FNDA:0,System.Void client.Exceptions.NotFoundException::.ctor()
DA:10,0
DA:11,0
DA:12,0
FN:14,System.Void client.Exceptions.NotFoundException::.ctor(System.String)
FNDA:0,System.Void client.Exceptions.NotFoundException::.ctor(System.String)
DA:15,0
DA:16,0
DA:17,0
FN:19,System.Void client.Exceptions.NotFoundException::.ctor(System.String,System.Exception)
FNDA:0,System.Void client.Exceptions.NotFoundException::.ctor(System.String,System.Exception)
DA:20,0
DA:21,0
DA:22,0
LF:9
LH:0
BRF:0
BRH:0
FNF:3
FNH:0
end_of_record
SF:/home/raph2ll/projects/plataforma-tcc/client/src/Data/DbContext.cs
FN:29,MySql.Data.MySqlClient.MySqlConnection client.Db.DbContext::get_Connection()
FNDA:0,MySql.Data.MySqlClient.MySqlConnection client.Db.DbContext::get_Connection()
DA:30,0
FN:32,System.Void client.Db.DbContext::Dispose()
FNDA:0,System.Void client.Db.DbContext::Dispose()
DA:33,0
DA:34,0
DA:35,0
DA:37,0
DA:38,0
DA:39,0
DA:40,0
DA:41,0
FN:12,System.Void client.Db.DbContext::.ctor(System.String,System.String,Serilog.ILogger)
FNDA:0,System.Void client.Db.DbContext::.ctor(System.String,System.String,Serilog.ILogger)
DA:13,0
DA:17,0
DA:18,0
DA:19,0
DA:21,0
DA:22,0
DA:24,0
DA:25,0
DA:27,0
DA:28,0
LF:19
LH:0
BRF:0
BRH:0
FNF:3
FNH:0
end_of_record
SF:/home/raph2ll/projects/plataforma-tcc/client/src/Data/Repositories/ClientRepository.cs
FN:31,System.Void client.Db.Repositories.ClientRepository::CreateClient(client.Models.Client)
FNDA:0,System.Void client.Db.Repositories.ClientRepository::CreateClient(client.Models.Client)
DA:32,0
DA:33,0
DA:35,0
DA:36,0
DA:38,0
DA:39,0
DA:40,0
DA:41,0
DA:42,0
DA:43,0
DA:44,0
DA:45,0
DA:46,0
DA:48,0
DA:49,0
DA:50,0
DA:51,0
FN:54,System.Collections.Generic.List`1<client.Models.Client> client.Db.Repositories.ClientRepository::GetClients()
FNDA:0,System.Collections.Generic.List`1<client.Models.Client> client.Db.Repositories.ClientRepository::GetClients()
DA:55,0
DA:56,0
DA:58,0
DA:59,0
DA:60,0
DA:62,0
DA:63,0
DA:64,0
DA:65,0
DA:66,0
DA:67,0
DA:68,0
DA:69,0
DA:70,0
DA:71,0
DA:72,0
DA:73,0
DA:74,0
DA:75,0
DA:76,0
DA:77,0
DA:78,0
DA:79,0
DA:80,0
DA:81,0
DA:83,0
DA:84,0
DA:85,0
DA:86,0
DA:88,0
DA:90,0
BRDA:68,371,1,0
BRDA:68,371,0,0
FN:92,client.Models.Client client.Db.Repositories.ClientRepository::GetClientById(System.String)
FNDA:0,client.Models.Client client.Db.Repositories.ClientRepository::GetClientById(System.String)
DA:93,0
DA:94,0
DA:96,0
DA:97,0
DA:98,0
DA:99,0
DA:100,0
DA:101,0
DA:103,0
DA:104,0
DA:105,0
DA:106,0
DA:107,0
DA:108,0
DA:109,0
DA:110,0
DA:111,0
DA:112,0
DA:113,0
DA:114,0
DA:115,0
DA:116,0
DA:118,0
DA:119,0
DA:121,0
DA:123,0
BRDA:105,117,0,0
BRDA:105,117,1,0
FN:125,System.Void client.Db.Repositories.ClientRepository::UpdateClient(client.Models.Client)
FNDA:0,System.Void client.Db.Repositories.ClientRepository::UpdateClient(client.Models.Client)
DA:126,0
DA:127,0
DA:129,0
DA:130,0
DA:131,0
DA:132,0
DA:133,0
DA:134,0
DA:135,0
DA:136,0
DA:137,0
DA:138,0
DA:140,0
DA:141,0
DA:142,0
DA:143,0
FN:145,System.Void client.Db.Repositories.ClientRepository::DeleteClient(System.String)
FNDA:0,System.Void client.Db.Repositories.ClientRepository::DeleteClient(System.String)
DA:146,0
DA:147,0
DA:149,0
DA:150,0
DA:151,0
DA:152,0
DA:153,0
DA:154,0
DA:155,0
DA:156,0
DA:157,0
DA:158,0
FN:17,System.Void client.Db.Repositories.ClientRepository::.ctor(client.Db.DbContext)
FNDA:0,System.Void client.Db.Repositories.ClientRepository::.ctor(client.Db.DbContext)
DA:18,0
DA:21,0
DA:24,0
DA:25,0
DA:26,0
DA:27,0
DA:28,0
DA:29,0
LF:110
LH:0
BRF:4
BRH:0
FNF:6
FNH:0
end_of_record